<?xml version="1.0" encoding="UTF-8"?>
<!-- Generated by org.testng.reporters.JUnitReportReporter -->
<testsuite hostname="LAPTOP-02J3V1KL" failures="0" tests="1" name="seleniumcommands.LocatorsAndCommands" time="6.174" errors="0" timestamp="2023-06-05T07:59:56 IST" skipped="0">
  <testcase classname="seleniumcommands.LocatorsAndCommands" name="TC_035_verifyWaitsInSelenium" time="6.174"/>
  <system-out/>
</testsuite> <!-- seleniumcommands.LocatorsAndCommands -->
