<?xml version="1.0" encoding="UTF-8"?>
<!-- Generated by org.testng.reporters.JUnitReportReporter -->
<testsuite hostname="LAPTOP-02J3V1KL" failures="0" tests="2" name="seleniumcommands.DemoWebShop" time="17.514" errors="0" timestamp="2023-06-10T07:08:52 IST" skipped="0">
  <testcase classname="seleniumcommands.DemoWebShop" name="TC_006_verifyLoginWithValidData" time="7.562"/>
  <system-out/>
  <testcase classname="seleniumcommands.DemoWebShop" name="TC_006_verifyLoginWithValidData" time="9.952"/>
  <system-out/>
</testsuite> <!-- seleniumcommands.DemoWebShop -->
