<?xml version="1.0" encoding="UTF-8"?>
<!-- Generated by org.testng.reporters.JUnitReportReporter -->
<testsuite hostname="LAPTOP-02J3V1KL" failures="0" tests="2" name="seleniumcommands.DemoWebShop" time="28.089" errors="0" timestamp="2023-06-15T07:14:46 IST" skipped="0">
  <testcase classname="seleniumcommands.DemoWebShop" name="TC_002_verifyLogin" time="14.753"/>
  <system-out/>
  <testcase classname="seleniumcommands.DemoWebShop" name="TC_007_verifyRegsitrationUsingRandomGenerator" time="13.336"/>
  <system-out/>
</testsuite> <!-- seleniumcommands.DemoWebShop -->
